#
# A fatal error has been detected by the Java Runtime Environment:
#
#  EXCEPTION_ACCESS_VIOLATION (0xc0000005) at pc=0x00007ff997b6c5c5, pid=7804, tid=11468
#
# JRE version: Java(TM) SE Runtime Environment (12.0+33) (build 12+33)
# Java VM: Java HotSpot(TM) 64-Bit Server VM (12+33, mixed mode, sharing, tiered, compressed oops, g1 gc, windows-amd64)
# Problematic frame:
# V  [jvm.dll+0x5ec5c5]
#
# No core dump will be written. Minidumps are not enabled by default on client versions of Windows
#
# If you would like to submit a bug report, please visit:
#   http://bugreport.java.com/bugreport/crash.jsp
#

---------------  S U M M A R Y ------------

Command Line: -agentpath:C:/Users/Petar/Documents/incubating-netbeans-11.0-bin/netbeans/profiler/lib/deployed/jdk16/windows-amd64/profilerinterface.dll=C:\Users\Petar\Documents\incubating-netbeans-11.0-bin\netbeans\profiler\lib,5140,10 -XX:+HeapDumpOnOutOfMemoryError -XX:HeapDumpPath=C:\Users\Petar\AppData\Local\NetBeans\Cache\11.0\mavencachedirs\1653878468\org-netbeans-modules-profiler com.mycompany.engine.PixelCanvas

Host: AMD Ryzen 5 1400 Quad-Core Processor           , 8 cores, 7G,  Windows 10 , 64 bit Build 17763 (10.0.17763.437)
Time: Thu Apr 11 18:27:18 2019 Central Europe Summer Time elapsed time: 1 seconds (0d 0h 0m 1s)

---------------  T H R E A D  ---------------

Current thread (0x000002884d82d800):  JavaThread "*** Profiler Agent Communication Thread" daemon [_thread_in_vm, id=11468, stack(0x000000d23dc00000,0x000000d23dd00000)]

Stack: [0x000000d23dc00000,0x000000d23dd00000],  sp=0x000000d23dcfeb40,  free space=1018k
Native frames: (J=compiled Java code, j=interpreted, Vv=VM code, C=native code)
V  [jvm.dll+0x5ec5c5]
V  [jvm.dll+0x4b3c84]
C  [profilerinterface.dll+0x34da]

Java frames: (J=compiled Java code, j=interpreted, Vv=VM code)
j  org.netbeans.lib.profiler.server.system.Stacks.getMethodNamesForJMethodIds(I[I[I)[B+0
j  org.netbeans.lib.profiler.server.ProfilerInterface.getMethodNamesForJMethodIds([I)Lorg/netbeans/lib/profiler/wireprotocol/MethodNamesResponse;+20
j  org.netbeans.lib.profiler.server.ProfilerServer.handleClientCommand(Lorg/netbeans/lib/profiler/wireprotocol/Command;)V+691
j  org.netbeans.lib.profiler.server.ProfilerServer.listenToClient()V+48
j  org.netbeans.lib.profiler.server.ProfilerServer.run()V+22
v  ~StubRoutines::call_stub

siginfo: EXCEPTION_ACCESS_VIOLATION (0xc0000005), reading address 0x0000000055139948


Register to memory mapping:

RIP=0x00007ff997b6c5c5 jvm.dll
RAX=0x000000d23dcfeb01 is pointing into the stack for thread: 0x000002884d82d800
RBX=0x000002884d82d800 is a thread
RCX=0x0000000055139948 is an unknown value
RDX=0x000002884d82d800 is a thread
RSP=0x000000d23dcfeb40 is pointing into the stack for thread: 0x000002884d82d800
RBP=0x0000000055139948 is an unknown value
RSI=0x000000d23dcfec60 is pointing into the stack for thread: 0x000002884d82d800
RDI=0x000002882be9b0e0 points into unknown readable memory: c0 04 fa 97 f9 7f 00 00
R8 =0x000000d23dcfec60 is pointing into the stack for thread: 0x000002884d82d800
R9 =0x00000000000043a8 is an unknown value
R10=0x0000000000000001 is an unknown value
R11=0x000000d23dcfeb38 is pointing into the stack for thread: 0x000002884d82d800
R12=0x000002885845a7c0 points into unknown readable memory: 48 99 13 15 38 1e 2b 0e
R13=0x00000000000001b1 is an unknown value
R14=0x00007ff9c95e9c68 profilerinterface.dll
R15=0x00007ff9c95e9a60 profilerinterface.dll


Registers:
RAX=0x000000d23dcfeb01, RBX=0x000002884d82d800, RCX=0x0000000055139948, RDX=0x000002884d82d800
RSP=0x000000d23dcfeb40, RBP=0x0000000055139948, RSI=0x000000d23dcfec60, RDI=0x000002882be9b0e0
R8 =0x000000d23dcfec60, R9 =0x00000000000043a8, R10=0x0000000000000001, R11=0x000000d23dcfeb38
R12=0x000002885845a7c0, R13=0x00000000000001b1, R14=0x00007ff9c95e9c68, R15=0x00007ff9c95e9a60
RIP=0x00007ff997b6c5c5, EFLAGS=0x0000000000010206

Top of Stack: (sp=0x000000d23dcfeb40)
0x000000d23dcfeb40:   000002884d82d800 00007ff997965bf3
0x000000d23dcfeb50:   000002884d82d800 000000d23dcfed18
0x000000d23dcfeb60:   000002884d82d800 00007ff997a33c84
0x000000d23dcfeb70:   00000000000043a8 000002884d82d800
0x000000d23dcfeb80:   000002884d82db30 00007ff9dc229db0
0x000000d23dcfeb90:   000002884d82d800 0000000000000000
0x000000d23dcfeba0:   0000028800000000 0000000000000000
0x000000d23dcfebb0:   0000000055139948 00007ff9c95e34da
0x000000d23dcfebc0:   0000000000000000 000002884d82db30
0x000000d23dcfebd0:   0000000000200021 000000d23dcfed10
0x000000d23dcfebe0:   000002885845a7c0 00007ff9979168c3
0x000000d23dcfebf0:   000000d23dcff220 0000000000200021
0x000000d23dcfec00:   0000000000200021 00000288364e65d8
0x000000d23dcfec10:   000002884d0f4f30 000002884d82d800
0x000000d23dcfec20:   000002884d82d800 000002884d0f4f30
0x000000d23dcfec30:   0000000000000000 0000028836499880 

Instructions: (pc=0x00007ff997b6c5c5)
0x00007ff997b6c5a5:   cc cc cc cc cc cc cc cc cc cc cc 48 83 ec 28 48
0x00007ff997b6c5b5:   85 c9 75 07 33 c0 48 83 c4 28 c3 48 89 5c 24 20
0x00007ff997b6c5c5:   48 8b 19 48 85 db 74 20 48 83 fb 37 74 1a 48 8b
0x00007ff997b6c5d5:   13 48 8b cb ff 52 10 84 c0 74 0d 48 8b c3 48 8b 


Stack slot to memory mapping:
stack at sp + 0 slots: 0x000002884d82d800 is a thread
stack at sp + 1 slots: 0x00007ff997965bf3 jvm.dll
stack at sp + 2 slots: 0x000002884d82d800 is a thread
stack at sp + 3 slots: 0x000000d23dcfed18 is pointing into the stack for thread: 0x000002884d82d800
stack at sp + 4 slots: 0x000002884d82d800 is a thread
stack at sp + 5 slots: 0x00007ff997a33c84 jvm.dll
stack at sp + 6 slots: 0x00000000000043a8 is an unknown value
stack at sp + 7 slots: 0x000002884d82d800 is a thread


---------------  P R O C E S S  ---------------

Threads class SMR info:
_java_thread_list=0x00000288550bd4a0, length=20, elements={
0x000002884cd71000, 0x000002884cd72800, 0x000002884cd8a800, 0x000002884cd8c800,
0x000002884cd8f000, 0x000002884cd94000, 0x000002884cd95800, 0x000002884d7f2800,
0x000002884d82d800, 0x000002884d898800, 0x000002884d899800, 0x000002884e226000,
0x000002884e222800, 0x000002884e268000, 0x000002884e523800, 0x000002884e527000,
0x000002884e2be000, 0x0000028855213000, 0x00000288553df800, 0x00000288553e0800
}

Java Threads: ( => current thread )
  0x000002884cd71000 JavaThread "Reference Handler" daemon [_thread_blocked, id=17980, stack(0x000000d23d400000,0x000000d23d500000)]
  0x000002884cd72800 JavaThread "Finalizer" daemon [_thread_blocked, id=8952, stack(0x000000d23d500000,0x000000d23d600000)]
  0x000002884cd8a800 JavaThread "Signal Dispatcher" daemon [_thread_blocked, id=4128, stack(0x000000d23d600000,0x000000d23d700000)]
  0x000002884cd8c800 JavaThread "Attach Listener" daemon [_thread_blocked, id=10332, stack(0x000000d23d700000,0x000000d23d800000)]
  0x000002884cd8f000 JavaThread "C2 CompilerThread0" daemon [_thread_blocked, id=16224, stack(0x000000d23d800000,0x000000d23d900000)]
  0x000002884cd94000 JavaThread "C1 CompilerThread0" daemon [_thread_blocked, id=5816, stack(0x000000d23d900000,0x000000d23da00000)]
  0x000002884cd95800 JavaThread "Sweeper thread" daemon [_thread_blocked, id=14452, stack(0x000000d23da00000,0x000000d23db00000)]
  0x000002884d7f2800 JavaThread "Common-Cleaner" daemon [_thread_blocked, id=11648, stack(0x000000d23db00000,0x000000d23dc00000)]
=>0x000002884d82d800 JavaThread "*** Profiler Agent Communication Thread" daemon [_thread_in_vm, id=11468, stack(0x000000d23dc00000,0x000000d23dd00000)]
  0x000002884d898800 JavaThread "*** JFluid Monitor thread ***" daemon [_thread_blocked, id=14044, stack(0x000000d23dd00000,0x000000d23de00000)]
  0x000002884d899800 JavaThread "*** Profiler Agent Special Execution Thread 6" daemon [_thread_blocked, id=3528, stack(0x000000d23de00000,0x000000d23df00000)]
  0x000002884e226000 JavaThread "*** Profiler Agent Special Execution Thread 10" daemon [_thread_blocked, id=3324, stack(0x000000d23e000000,0x000000d23e100000)]
  0x000002884e222800 JavaThread "Service Thread" daemon [_thread_blocked, id=4856, stack(0x000000d23df00000,0x000000d23e000000)]
  0x000002884e268000 JavaThread "Java2D Disposer" daemon [_thread_blocked, id=10544, stack(0x000000d23e300000,0x000000d23e400000)]
  0x000002884e523800 JavaThread "AWT-Shutdown" [_thread_blocked, id=15592, stack(0x000000d23e400000,0x000000d23e500000)]
  0x000002884e527000 JavaThread "AWT-Windows" daemon [_thread_in_native, id=6164, stack(0x000000d23e500000,0x000000d23e600000)]
  0x000002884e2be000 JavaThread "Timer-0" [_thread_blocked, id=2144, stack(0x000000d23e200000,0x000000d23e300000)]
  0x0000028855213000 JavaThread "AWT-EventQueue-0" [_thread_in_native, id=1656, stack(0x000000d23e700000,0x000000d23e800000)]
  0x00000288553df800 JavaThread "D3D Screen Updater" daemon [_thread_blocked, id=14124, stack(0x000000d23e800000,0x000000d23e900000)]
  0x00000288553e0800 JavaThread "DestroyJavaVM" [_thread_blocked, id=4216, stack(0x000000d23cd00000,0x000000d23ce00000)]

Other Threads:
  0x000002884cd66000 VMThread "VM Thread" [stack: 0x000000d23d300000,0x000000d23d400000] [id=1332]
  0x000002884e219000 WatcherThread [stack: 0x000000d23e100000,0x000000d23e200000] [id=13292]
  0x000002882e0cb800 GCTaskThread "GC Thread#0" [stack: 0x000000d23ce00000,0x000000d23cf00000] [id=15448]
  0x00000288552d3800 GCTaskThread "GC Thread#1" [stack: 0x000000d23ea00000,0x000000d23eb00000] [id=15560]
  0x00000288552d4800 GCTaskThread "GC Thread#2" [stack: 0x000000d23eb00000,0x000000d23ec00000] [id=15992]
  0x00000288552d5000 GCTaskThread "GC Thread#3" [stack: 0x000000d23ec00000,0x000000d23ed00000] [id=8160]
  0x000002884e791000 GCTaskThread "GC Thread#4" [stack: 0x000000d23ed00000,0x000000d23ee00000] [id=16700]
  0x000002884e793000 GCTaskThread "GC Thread#5" [stack: 0x000000d23ee00000,0x000000d23ef00000] [id=11240]
  0x000002884e2e5800 GCTaskThread "GC Thread#6" [stack: 0x000000d23ef00000,0x000000d23f000000] [id=11008]
  0x000002884e2e7000 GCTaskThread "GC Thread#7" [stack: 0x000000d23f000000,0x000000d23f100000] [id=16704]
  0x000002882e0d9000 ConcurrentGCThread "G1 Main Marker" [stack: 0x000000d23cf00000,0x000000d23d000000] [id=6276]
  0x000002882e0db800 ConcurrentGCThread "G1 Conc#0" [stack: 0x000000d23d000000,0x000000d23d100000] [id=8936]
  0x000002882e15e000 ConcurrentGCThread "G1 Refine#0" [stack: 0x000000d23d100000,0x000000d23d200000] [id=3732]
  0x000002884cbe2800 ConcurrentGCThread "G1 Young RemSet Sampling" [stack: 0x000000d23d200000,0x000000d23d300000] [id=5908]

Threads with active compile tasks:

VM state:synchronizing (normal execution)

VM Mutex/Monitor currently owned by a thread:  ([mutex/lock_event])
[0x000002882e08ca90] Threads_lock - owner thread: 0x000002884cd66000

Heap address: 0x0000000081200000, size: 2030 MB, Compressed Oops mode: 32-bit
Narrow klass base: 0x0000000800000000, Narrow klass shift: 3
Compressed class space size: 1073741824 Address: 0x00000008011a0000

Heap:
 garbage-first heap   total 131072K, used 23662K [0x0000000081200000, 0x0000000100000000)
  region size 1024K, 18 young (18432K), 4 survivors (4096K)
 Metaspace       used 11679K, capacity 12111K, committed 12416K, reserved 1060864K
  class space    used 1353K, capacity 1538K, committed 1664K, reserved 1048576K
Heap Regions: E=young(eden), S=young(survivor), O=old, HS=humongous(starts), HC=humongous(continues), CS=collection set, F=free, A=archive, TAMS=top-at-mark-start (previous, next)
|   0|0x0000000081200000, 0x0000000081300000, 0x0000000081300000|100%|HS|  |TAMS 0x0000000081200000, 0x0000000081200000| Complete 
|   1|0x0000000081300000, 0x0000000081400000, 0x0000000081400000|100%|HC|  |TAMS 0x0000000081300000, 0x0000000081300000| Complete 
|   2|0x0000000081400000, 0x00000000814a9a00, 0x0000000081500000| 66%| O|  |TAMS 0x0000000081400000, 0x0000000081400000| Untracked 
|   3|0x0000000081500000, 0x0000000081600000, 0x0000000081600000|100%|HS|  |TAMS 0x0000000081500000, 0x0000000081500000| Complete 
|   4|0x0000000081600000, 0x0000000081700000, 0x0000000081700000|100%|HC|  |TAMS 0x0000000081600000, 0x0000000081600000| Complete 
|   5|0x0000000081700000, 0x0000000081800000, 0x0000000081800000|100%|HC|  |TAMS 0x0000000081700000, 0x0000000081700000| Complete 
|   6|0x0000000081800000, 0x0000000081900000, 0x0000000081900000|100%|HC|  |TAMS 0x0000000081800000, 0x0000000081800000| Complete 
|   7|0x0000000081900000, 0x0000000081900000, 0x0000000081a00000|  0%| F|  |TAMS 0x0000000081900000, 0x0000000081900000| Untracked 
|   8|0x0000000081a00000, 0x0000000081a00000, 0x0000000081b00000|  0%| F|  |TAMS 0x0000000081a00000, 0x0000000081a00000| Untracked 
|   9|0x0000000081b00000, 0x0000000081b00000, 0x0000000081c00000|  0%| F|  |TAMS 0x0000000081b00000, 0x0000000081b00000| Untracked 
|  10|0x0000000081c00000, 0x0000000081c00000, 0x0000000081d00000|  0%| F|  |TAMS 0x0000000081c00000, 0x0000000081c00000| Untracked 
|  11|0x0000000081d00000, 0x0000000081d00000, 0x0000000081e00000|  0%| F|  |TAMS 0x0000000081d00000, 0x0000000081d00000| Untracked 
|  12|0x0000000081e00000, 0x0000000081e00000, 0x0000000081f00000|  0%| F|  |TAMS 0x0000000081e00000, 0x0000000081e00000| Untracked 
|  13|0x0000000081f00000, 0x0000000081f00000, 0x0000000082000000|  0%| F|  |TAMS 0x0000000081f00000, 0x0000000081f00000| Untracked 
|  14|0x0000000082000000, 0x0000000082000000, 0x0000000082100000|  0%| F|  |TAMS 0x0000000082000000, 0x0000000082000000| Untracked 
|  15|0x0000000082100000, 0x0000000082100000, 0x0000000082200000|  0%| F|  |TAMS 0x0000000082100000, 0x0000000082100000| Untracked 
|  16|0x0000000082200000, 0x0000000082200000, 0x0000000082300000|  0%| F|  |TAMS 0x0000000082200000, 0x0000000082200000| Untracked 
|  17|0x0000000082300000, 0x0000000082300000, 0x0000000082400000|  0%| F|  |TAMS 0x0000000082300000, 0x0000000082300000| Untracked 
|  18|0x0000000082400000, 0x0000000082400000, 0x0000000082500000|  0%| F|  |TAMS 0x0000000082400000, 0x0000000082400000| Untracked 
|  19|0x0000000082500000, 0x0000000082500000, 0x0000000082600000|  0%| F|  |TAMS 0x0000000082500000, 0x0000000082500000| Untracked 
|  20|0x0000000082600000, 0x0000000082600000, 0x0000000082700000|  0%| F|  |TAMS 0x0000000082600000, 0x0000000082600000| Untracked 
|  21|0x0000000082700000, 0x0000000082700000, 0x0000000082800000|  0%| F|  |TAMS 0x0000000082700000, 0x0000000082700000| Untracked 
|  22|0x0000000082800000, 0x0000000082800000, 0x0000000082900000|  0%| F|  |TAMS 0x0000000082800000, 0x0000000082800000| Untracked 
|  23|0x0000000082900000, 0x0000000082900000, 0x0000000082a00000|  0%| F|  |TAMS 0x0000000082900000, 0x0000000082900000| Untracked 
|  24|0x0000000082a00000, 0x0000000082a00000, 0x0000000082b00000|  0%| F|  |TAMS 0x0000000082a00000, 0x0000000082a00000| Untracked 
|  25|0x0000000082b00000, 0x0000000082b00000, 0x0000000082c00000|  0%| F|  |TAMS 0x0000000082b00000, 0x0000000082b00000| Untracked 
|  26|0x0000000082c00000, 0x0000000082c00000, 0x0000000082d00000|  0%| F|  |TAMS 0x0000000082c00000, 0x0000000082c00000| Untracked 
|  27|0x0000000082d00000, 0x0000000082d00000, 0x0000000082e00000|  0%| F|  |TAMS 0x0000000082d00000, 0x0000000082d00000| Untracked 
|  28|0x0000000082e00000, 0x0000000082e00000, 0x0000000082f00000|  0%| F|  |TAMS 0x0000000082e00000, 0x0000000082e00000| Untracked 
|  29|0x0000000082f00000, 0x0000000082f00000, 0x0000000083000000|  0%| F|  |TAMS 0x0000000082f00000, 0x0000000082f00000| Untracked 
|  30|0x0000000083000000, 0x0000000083000000, 0x0000000083100000|  0%| F|  |TAMS 0x0000000083000000, 0x0000000083000000| Untracked 
|  31|0x0000000083100000, 0x0000000083100000, 0x0000000083200000|  0%| F|  |TAMS 0x0000000083100000, 0x0000000083100000| Untracked 
|  32|0x0000000083200000, 0x0000000083200000, 0x0000000083300000|  0%| F|  |TAMS 0x0000000083200000, 0x0000000083200000| Untracked 
|  33|0x0000000083300000, 0x0000000083300000, 0x0000000083400000|  0%| F|  |TAMS 0x0000000083300000, 0x0000000083300000| Untracked 
|  34|0x0000000083400000, 0x0000000083400000, 0x0000000083500000|  0%| F|  |TAMS 0x0000000083400000, 0x0000000083400000| Untracked 
|  35|0x0000000083500000, 0x0000000083500000, 0x0000000083600000|  0%| F|  |TAMS 0x0000000083500000, 0x0000000083500000| Untracked 
|  36|0x0000000083600000, 0x0000000083600000, 0x0000000083700000|  0%| F|  |TAMS 0x0000000083600000, 0x0000000083600000| Untracked 
|  37|0x0000000083700000, 0x0000000083700000, 0x0000000083800000|  0%| F|  |TAMS 0x0000000083700000, 0x0000000083700000| Untracked 
|  38|0x0000000083800000, 0x0000000083800000, 0x0000000083900000|  0%| F|  |TAMS 0x0000000083800000, 0x0000000083800000| Untracked 
|  39|0x0000000083900000, 0x0000000083900000, 0x0000000083a00000|  0%| F|  |TAMS 0x0000000083900000, 0x0000000083900000| Untracked 
|  40|0x0000000083a00000, 0x0000000083a00000, 0x0000000083b00000|  0%| F|  |TAMS 0x0000000083a00000, 0x0000000083a00000| Untracked 
|  41|0x0000000083b00000, 0x0000000083b00000, 0x0000000083c00000|  0%| F|  |TAMS 0x0000000083b00000, 0x0000000083b00000| Untracked 
|  42|0x0000000083c00000, 0x0000000083c00000, 0x0000000083d00000|  0%| F|  |TAMS 0x0000000083c00000, 0x0000000083c00000| Untracked 
|  43|0x0000000083d00000, 0x0000000083d00000, 0x0000000083e00000|  0%| F|  |TAMS 0x0000000083d00000, 0x0000000083d00000| Untracked 
|  44|0x0000000083e00000, 0x0000000083e00000, 0x0000000083f00000|  0%| F|  |TAMS 0x0000000083e00000, 0x0000000083e00000| Untracked 
|  45|0x0000000083f00000, 0x0000000083f00000, 0x0000000084000000|  0%| F|  |TAMS 0x0000000083f00000, 0x0000000083f00000| Untracked 
|  46|0x0000000084000000, 0x0000000084000000, 0x0000000084100000|  0%| F|  |TAMS 0x0000000084000000, 0x0000000084000000| Untracked 
|  47|0x0000000084100000, 0x0000000084100000, 0x0000000084200000|  0%| F|  |TAMS 0x0000000084100000, 0x0000000084100000| Untracked 
|  48|0x0000000084200000, 0x0000000084272028, 0x0000000084300000| 44%| S|CS|TAMS 0x0000000084200000, 0x0000000084200000| Complete 
|  49|0x0000000084300000, 0x0000000084400000, 0x0000000084400000|100%| S|CS|TAMS 0x0000000084300000, 0x0000000084300000| Complete 
|  50|0x0000000084400000, 0x0000000084500000, 0x0000000084500000|100%| S|CS|TAMS 0x0000000084400000, 0x0000000084400000| Complete 
|  51|0x0000000084500000, 0x0000000084600000, 0x0000000084600000|100%| S|CS|TAMS 0x0000000084500000, 0x0000000084500000| Complete 
|  52|0x0000000084600000, 0x0000000084600000, 0x0000000084700000|  0%| F|  |TAMS 0x0000000084600000, 0x0000000084600000| Untracked 
|  53|0x0000000084700000, 0x0000000084700000, 0x0000000084800000|  0%| F|  |TAMS 0x0000000084700000, 0x0000000084700000| Untracked 
|  54|0x0000000084800000, 0x0000000084800000, 0x0000000084900000|  0%| F|  |TAMS 0x0000000084800000, 0x0000000084800000| Untracked 
|  55|0x0000000084900000, 0x0000000084900000, 0x0000000084a00000|  0%| F|  |TAMS 0x0000000084900000, 0x0000000084900000| Untracked 
|  56|0x0000000084a00000, 0x0000000084a00000, 0x0000000084b00000|  0%| F|  |TAMS 0x0000000084a00000, 0x0000000084a00000| Untracked 
|  57|0x0000000084b00000, 0x0000000084b00000, 0x0000000084c00000|  0%| F|  |TAMS 0x0000000084b00000, 0x0000000084b00000| Untracked 
|  58|0x0000000084c00000, 0x0000000084c00000, 0x0000000084d00000|  0%| F|  |TAMS 0x0000000084c00000, 0x0000000084c00000| Untracked 
|  59|0x0000000084d00000, 0x0000000084d00000, 0x0000000084e00000|  0%| F|  |TAMS 0x0000000084d00000, 0x0000000084d00000| Untracked 
|  60|0x0000000084e00000, 0x0000000084e00000, 0x0000000084f00000|  0%| F|  |TAMS 0x0000000084e00000, 0x0000000084e00000| Untracked 
|  61|0x0000000084f00000, 0x0000000084f00000, 0x0000000085000000|  0%| F|  |TAMS 0x0000000084f00000, 0x0000000084f00000| Untracked 
|  62|0x0000000085000000, 0x0000000085000000, 0x0000000085100000|  0%| F|  |TAMS 0x0000000085000000, 0x0000000085000000| Untracked 
|  63|0x0000000085100000, 0x0000000085100000, 0x0000000085200000|  0%| F|  |TAMS 0x0000000085100000, 0x0000000085100000| Untracked 
|  64|0x0000000085200000, 0x0000000085200000, 0x0000000085300000|  0%| F|  |TAMS 0x0000000085200000, 0x0000000085200000| Untracked 
|  65|0x0000000085300000, 0x0000000085300000, 0x0000000085400000|  0%| F|  |TAMS 0x0000000085300000, 0x0000000085300000| Untracked 
|  66|0x0000000085400000, 0x0000000085400000, 0x0000000085500000|  0%| F|  |TAMS 0x0000000085400000, 0x0000000085400000| Untracked 
|  67|0x0000000085500000, 0x0000000085500000, 0x0000000085600000|  0%| F|  |TAMS 0x0000000085500000, 0x0000000085500000| Untracked 
|  68|0x0000000085600000, 0x0000000085600000, 0x0000000085700000|  0%| F|  |TAMS 0x0000000085600000, 0x0000000085600000| Untracked 
|  69|0x0000000085700000, 0x0000000085700000, 0x0000000085800000|  0%| F|  |TAMS 0x0000000085700000, 0x0000000085700000| Untracked 
|  70|0x0000000085800000, 0x0000000085800000, 0x0000000085900000|  0%| F|  |TAMS 0x0000000085800000, 0x0000000085800000| Untracked 
|  71|0x0000000085900000, 0x0000000085900000, 0x0000000085a00000|  0%| F|  |TAMS 0x0000000085900000, 0x0000000085900000| Untracked 
|  72|0x0000000085a00000, 0x0000000085a00000, 0x0000000085b00000|  0%| F|  |TAMS 0x0000000085a00000, 0x0000000085a00000| Untracked 
|  73|0x0000000085b00000, 0x0000000085b00000, 0x0000000085c00000|  0%| F|  |TAMS 0x0000000085b00000, 0x0000000085b00000| Untracked 
|  74|0x0000000085c00000, 0x0000000085c00000, 0x0000000085d00000|  0%| F|  |TAMS 0x0000000085c00000, 0x0000000085c00000| Untracked 
|  75|0x0000000085d00000, 0x0000000085d00000, 0x0000000085e00000|  0%| F|  |TAMS 0x0000000085d00000, 0x0000000085d00000| Untracked 
|  76|0x0000000085e00000, 0x0000000085e00000, 0x0000000085f00000|  0%| F|  |TAMS 0x0000000085e00000, 0x0000000085e00000| Untracked 
|  77|0x0000000085f00000, 0x0000000085f00000, 0x0000000086000000|  0%| F|  |TAMS 0x0000000085f00000, 0x0000000085f00000| Untracked 
|  78|0x0000000086000000, 0x0000000086000000, 0x0000000086100000|  0%| F|  |TAMS 0x0000000086000000, 0x0000000086000000| Untracked 
|  79|0x0000000086100000, 0x0000000086100000, 0x0000000086200000|  0%| F|  |TAMS 0x0000000086100000, 0x0000000086100000| Untracked 
|  80|0x0000000086200000, 0x0000000086200000, 0x0000000086300000|  0%| F|  |TAMS 0x0000000086200000, 0x0000000086200000| Untracked 
|  81|0x0000000086300000, 0x0000000086300000, 0x0000000086400000|  0%| F|  |TAMS 0x0000000086300000, 0x0000000086300000| Untracked 
|  82|0x0000000086400000, 0x0000000086400000, 0x0000000086500000|  0%| F|  |TAMS 0x0000000086400000, 0x0000000086400000| Untracked 
|  83|0x0000000086500000, 0x0000000086500000, 0x0000000086600000|  0%| F|  |TAMS 0x0000000086500000, 0x0000000086500000| Untracked 
|  84|0x0000000086600000, 0x0000000086600000, 0x0000000086700000|  0%| F|  |TAMS 0x0000000086600000, 0x0000000086600000| Untracked 
|  85|0x0000000086700000, 0x0000000086700000, 0x0000000086800000|  0%| F|  |TAMS 0x0000000086700000, 0x0000000086700000| Untracked 
|  86|0x0000000086800000, 0x0000000086800000, 0x0000000086900000|  0%| F|  |TAMS 0x0000000086800000, 0x0000000086800000| Untracked 
|  87|0x0000000086900000, 0x0000000086900000, 0x0000000086a00000|  0%| F|  |TAMS 0x0000000086900000, 0x0000000086900000| Untracked 
|  88|0x0000000086a00000, 0x0000000086a00000, 0x0000000086b00000|  0%| F|  |TAMS 0x0000000086a00000, 0x0000000086a00000| Untracked 
|  89|0x0000000086b00000, 0x0000000086b00000, 0x0000000086c00000|  0%| F|  |TAMS 0x0000000086b00000, 0x0000000086b00000| Untracked 
|  90|0x0000000086c00000, 0x0000000086c00000, 0x0000000086d00000|  0%| F|  |TAMS 0x0000000086c00000, 0x0000000086c00000| Untracked 
|  91|0x0000000086d00000, 0x0000000086d00000, 0x0000000086e00000|  0%| F|  |TAMS 0x0000000086d00000, 0x0000000086d00000| Untracked 
|  92|0x0000000086e00000, 0x0000000086e00000, 0x0000000086f00000|  0%| F|  |TAMS 0x0000000086e00000, 0x0000000086e00000| Untracked 
|  93|0x0000000086f00000, 0x0000000086f00000, 0x0000000087000000|  0%| F|  |TAMS 0x0000000086f00000, 0x0000000086f00000| Untracked 
|  94|0x0000000087000000, 0x0000000087000000, 0x0000000087100000|  0%| F|  |TAMS 0x0000000087000000, 0x0000000087000000| Untracked 
|  95|0x0000000087100000, 0x0000000087100000, 0x0000000087200000|  0%| F|  |TAMS 0x0000000087100000, 0x0000000087100000| Untracked 
|  96|0x0000000087200000, 0x0000000087200000, 0x0000000087300000|  0%| F|  |TAMS 0x0000000087200000, 0x0000000087200000| Untracked 
|  97|0x0000000087300000, 0x0000000087300000, 0x0000000087400000|  0%| F|  |TAMS 0x0000000087300000, 0x0000000087300000| Untracked 
|  98|0x0000000087400000, 0x0000000087400000, 0x0000000087500000|  0%| F|  |TAMS 0x0000000087400000, 0x0000000087400000| Untracked 
|  99|0x0000000087500000, 0x0000000087500000, 0x0000000087600000|  0%| F|  |TAMS 0x0000000087500000, 0x0000000087500000| Untracked 
| 100|0x0000000087600000, 0x0000000087600000, 0x0000000087700000|  0%| F|  |TAMS 0x0000000087600000, 0x0000000087600000| Untracked 
| 101|0x0000000087700000, 0x0000000087700000, 0x0000000087800000|  0%| F|  |TAMS 0x0000000087700000, 0x0000000087700000| Untracked 
| 102|0x0000000087800000, 0x0000000087800000, 0x0000000087900000|  0%| F|  |TAMS 0x0000000087800000, 0x0000000087800000| Untracked 
| 103|0x0000000087900000, 0x0000000087900000, 0x0000000087a00000|  0%| F|  |TAMS 0x0000000087900000, 0x0000000087900000| Untracked 
| 104|0x0000000087a00000, 0x0000000087a00000, 0x0000000087b00000|  0%| F|  |TAMS 0x0000000087a00000, 0x0000000087a00000| Untracked 
| 105|0x0000000087b00000, 0x0000000087b00000, 0x0000000087c00000|  0%| F|  |TAMS 0x0000000087b00000, 0x0000000087b00000| Untracked 
| 106|0x0000000087c00000, 0x0000000087c00000, 0x0000000087d00000|  0%| F|  |TAMS 0x0000000087c00000, 0x0000000087c00000| Untracked 
| 107|0x0000000087d00000, 0x0000000087d00000, 0x0000000087e00000|  0%| F|  |TAMS 0x0000000087d00000, 0x0000000087d00000| Untracked 
| 108|0x0000000087e00000, 0x0000000087e00000, 0x0000000087f00000|  0%| F|  |TAMS 0x0000000087e00000, 0x0000000087e00000| Untracked 
| 109|0x0000000087f00000, 0x0000000087f00000, 0x0000000088000000|  0%| F|  |TAMS 0x0000000087f00000, 0x0000000087f00000| Untracked 
| 110|0x0000000088000000, 0x0000000088000000, 0x0000000088100000|  0%| F|  |TAMS 0x0000000088000000, 0x0000000088000000| Untracked 
| 111|0x0000000088100000, 0x0000000088100000, 0x0000000088200000|  0%| F|  |TAMS 0x0000000088100000, 0x0000000088100000| Untracked 
| 112|0x0000000088200000, 0x0000000088200000, 0x0000000088300000|  0%| F|  |TAMS 0x0000000088200000, 0x0000000088200000| Untracked 
| 113|0x0000000088300000, 0x0000000088300000, 0x0000000088400000|  0%| F|  |TAMS 0x0000000088300000, 0x0000000088300000| Untracked 
| 114|0x0000000088400000, 0x0000000088500000, 0x0000000088500000|100%| E|  |TAMS 0x0000000088400000, 0x0000000088400000| Complete 
| 115|0x0000000088500000, 0x0000000088600000, 0x0000000088600000|100%| E|CS|TAMS 0x0000000088500000, 0x0000000088500000| Complete 
| 116|0x0000000088600000, 0x0000000088700000, 0x0000000088700000|100%| E|CS|TAMS 0x0000000088600000, 0x0000000088600000| Complete 
| 117|0x0000000088700000, 0x0000000088800000, 0x0000000088800000|100%| E|CS|TAMS 0x0000000088700000, 0x0000000088700000| Complete 
| 118|0x0000000088800000, 0x0000000088900000, 0x0000000088900000|100%| E|CS|TAMS 0x0000000088800000, 0x0000000088800000| Complete 
| 119|0x0000000088900000, 0x0000000088a00000, 0x0000000088a00000|100%| E|CS|TAMS 0x0000000088900000, 0x0000000088900000| Complete 
| 120|0x0000000088a00000, 0x0000000088b00000, 0x0000000088b00000|100%| E|CS|TAMS 0x0000000088a00000, 0x0000000088a00000| Complete 
| 121|0x0000000088b00000, 0x0000000088c00000, 0x0000000088c00000|100%| E|CS|TAMS 0x0000000088b00000, 0x0000000088b00000| Complete 
| 122|0x0000000088c00000, 0x0000000088d00000, 0x0000000088d00000|100%| E|CS|TAMS 0x0000000088c00000, 0x0000000088c00000| Complete 
| 123|0x0000000088d00000, 0x0000000088e00000, 0x0000000088e00000|100%| E|CS|TAMS 0x0000000088d00000, 0x0000000088d00000| Complete 
| 124|0x0000000088e00000, 0x0000000088f00000, 0x0000000088f00000|100%| E|CS|TAMS 0x0000000088e00000, 0x0000000088e00000| Complete 
| 125|0x0000000088f00000, 0x0000000089000000, 0x0000000089000000|100%| E|CS|TAMS 0x0000000088f00000, 0x0000000088f00000| Complete 
| 126|0x0000000089000000, 0x0000000089100000, 0x0000000089100000|100%| E|CS|TAMS 0x0000000089000000, 0x0000000089000000| Complete 
| 127|0x0000000089100000, 0x0000000089200000, 0x0000000089200000|100%| E|CS|TAMS 0x0000000089100000, 0x0000000089100000| Complete 

Card table byte_map: [0x0000028845bc0000,0x0000028845fc0000] _byte_map_base: 0x00000288457b7000

Marking Bits (Prev, Next): (CMBitMap*) 0x000002882e0cc718, (CMBitMap*) 0x000002882e0cc758
 Prev Bits: [0x00000288463c0000, 0x0000028848378000)
 Next Bits: [0x0000028848380000, 0x000002884a338000)

Polling page: 0x000002882be60000

Metaspace:

Usage:
  Non-class:     10.33 MB capacity,    10.08 MB ( 98%) used,   210.53 KB (  2%) free+waste,    36.81 KB ( <1%) overhead. 
      Class:      1.50 MB capacity,     1.32 MB ( 88%) used,   163.29 KB ( 11%) free+waste,    21.31 KB (  1%) overhead. 
       Both:     11.83 MB capacity,    11.41 MB ( 96%) used,   373.82 KB (  3%) free+waste,    58.13 KB ( <1%) overhead. 

Virtual space:
  Non-class space:       12.00 MB reserved,      10.50 MB ( 88%) committed 
      Class space:        1.00 GB reserved,       1.63 MB ( <1%) committed 
             Both:        1.01 GB reserved,      12.13 MB (  1%) committed 

Chunk freelists:
   Non-Class:  6.38 KB
       Class:  3.75 KB
        Both:  10.13 KB

CodeHeap 'non-profiled nmethods': size=120000Kb used=409Kb max_used=409Kb free=119590Kb
 bounds [0x000002883df60000, 0x000002883e1d0000, 0x0000028845490000]
CodeHeap 'profiled nmethods': size=120000Kb used=1921Kb max_used=1921Kb free=118078Kb
 bounds [0x0000028836a30000, 0x0000028836ca0000, 0x000002883df60000]
CodeHeap 'non-nmethods': size=5760Kb used=1260Kb max_used=1301Kb free=4499Kb
 bounds [0x0000028836490000, 0x0000028836700000, 0x0000028836a30000]
 total_blobs=1987 nmethods=1146 adapters=549
 compilation: enabled
              stopped_count=0, restarted_count=0
 full_count=0

Compilation events (10 events):
Event: 1.667 Thread 0x000002884cd94000 nmethod 1141 0x0000028836c0d290 code [0x0000028836c0d640, 0x0000028836c0ee00]
Event: 1.672 Thread 0x000002884cd8f000 nmethod 1142 0x000002883dfc5a90 code [0x000002883dfc5c40, 0x000002883dfc5ed8]
Event: 1.721 Thread 0x000002884cd8f000 1143       4       sun.java2d.loops.GraphicsPrimitiveMgr$2::compare (39 bytes)
Event: 1.722 Thread 0x000002884cd8f000 nmethod 1143 0x000002883dfc6190 code [0x000002883dfc6340, 0x000002883dfc6458]
Event: 1.735 Thread 0x000002884cd94000 1144       3       java.io.Bits::getInt (43 bytes)
Event: 1.736 Thread 0x000002884cd94000 nmethod 1144 0x0000028836c0f790 code [0x0000028836c0f960, 0x0000028836c0fb58]
Event: 1.736 Thread 0x000002884cd94000 1146       3       java.io.ObjectInputStream$BlockDataInputStream::readInt (73 bytes)
Event: 1.736 Thread 0x000002884cd94000 nmethod 1146 0x0000028836c0fc90 code [0x0000028836c0fe80, 0x0000028836c10190]
Event: 1.737 Thread 0x000002884cd94000 1145       3       java.io.ObjectInputStream::readInt (8 bytes)
Event: 1.737 Thread 0x000002884cd94000 nmethod 1145 0x0000028836c10290 code [0x0000028836c10460, 0x0000028836c10630]

GC Heap History (10 events):
Event: 1.397 GC heap before
{Heap before GC invocations=1 (full 0):
 garbage-first heap   total 131072K, used 80550K [0x0000000081200000, 0x0000000100000000)
  region size 1024K, 76 young (77824K), 3 survivors (3072K)
 Metaspace       used 11604K, capacity 12015K, committed 12288K, reserved 1060864K
  class space    used 1344K, capacity 1506K, committed 1536K, reserved 1048576K
}
Event: 1.400 GC heap after
{Heap after GC invocations=2 (full 0):
 garbage-first heap   total 131072K, used 6069K [0x0000000081200000, 0x0000000100000000)
  region size 1024K, 4 young (4096K), 4 survivors (4096K)
 Metaspace       used 11604K, capacity 12015K, committed 12288K, reserved 1060864K
  class space    used 1344K, capacity 1506K, committed 1536K, reserved 1048576K
}
Event: 1.479 GC heap before
{Heap before GC invocations=2 (full 0):
 garbage-first heap   total 131072K, used 79797K [0x0000000081200000, 0x0000000100000000)
  region size 1024K, 76 young (77824K), 4 survivors (4096K)
 Metaspace       used 11606K, capacity 12015K, committed 12288K, reserved 1060864K
  class space    used 1344K, capacity 1506K, committed 1536K, reserved 1048576K
}
Event: 1.482 GC heap after
{Heap after GC invocations=3 (full 0):
 garbage-first heap   total 131072K, used 6245K [0x0000000081200000, 0x0000000100000000)
  region size 1024K, 4 young (4096K), 4 survivors (4096K)
 Metaspace       used 11606K, capacity 12015K, committed 12288K, reserved 1060864K
  class space    used 1344K, capacity 1506K, committed 1536K, reserved 1048576K
}
Event: 1.534 GC heap before
{Heap before GC invocations=3 (full 0):
 garbage-first heap   total 131072K, used 79973K [0x0000000081200000, 0x0000000100000000)
  region size 1024K, 76 young (77824K), 4 survivors (4096K)
 Metaspace       used 11606K, capacity 12015K, committed 12288K, reserved 1060864K
  class space    used 1344K, capacity 1506K, committed 1536K, reserved 1048576K
}
Event: 1.537 GC heap after
{Heap after GC invocations=4 (full 0):
 garbage-first heap   total 131072K, used 6236K [0x0000000081200000, 0x0000000100000000)
  region size 1024K, 4 young (4096K), 4 survivors (4096K)
 Metaspace       used 11606K, capacity 12015K, committed 12288K, reserved 1060864K
  class space    used 1344K, capacity 1506K, committed 1536K, reserved 1048576K
}
Event: 1.624 GC heap before
{Heap before GC invocations=4 (full 0):
 garbage-first heap   total 131072K, used 79964K [0x0000000081200000, 0x0000000100000000)
  region size 1024K, 76 young (77824K), 4 survivors (4096K)
 Metaspace       used 11606K, capacity 12015K, committed 12288K, reserved 1060864K
  class space    used 1344K, capacity 1506K, committed 1536K, reserved 1048576K
}
Event: 1.628 GC heap after
{Heap after GC invocations=5 (full 0):
 garbage-first heap   total 131072K, used 6041K [0x0000000081200000, 0x0000000100000000)
  region size 1024K, 4 young (4096K), 4 survivors (4096K)
 Metaspace       used 11606K, capacity 12015K, committed 12288K, reserved 1060864K
  class space    used 1344K, capacity 1506K, committed 1536K, reserved 1048576K
}
Event: 1.697 GC heap before
{Heap before GC invocations=5 (full 0):
 garbage-first heap   total 131072K, used 79769K [0x0000000081200000, 0x0000000100000000)
  region size 1024K, 76 young (77824K), 4 survivors (4096K)
 Metaspace       used 11618K, capacity 12015K, committed 12288K, reserved 1060864K
  class space    used 1344K, capacity 1506K, committed 1536K, reserved 1048576K
}
Event: 1.701 GC heap after
{Heap after GC invocations=6 (full 0):
 garbage-first heap   total 131072K, used 6254K [0x0000000081200000, 0x0000000100000000)
  region size 1024K, 4 young (4096K), 4 survivors (4096K)
 Metaspace       used 11618K, capacity 12015K, committed 12288K, reserved 1060864K
  class space    used 1344K, capacity 1506K, committed 1536K, reserved 1048576K
}

Deoptimization events (10 events):
Event: 0.886 Thread 0x000002882e090000 Uncommon trap: reason=bimorphic_or_optimized_type_check action=maybe_recompile pc=0x000002883df873a8 method=java.util.HashMap.putVal(ILjava/lang/Object;Ljava/lang/Object;ZZ)Ljava/lang/Object; @ 56 c2
Event: 1.131 Thread 0x000002882e090000 Uncommon trap: reason=unstable_if action=reinterpret pc=0x000002883df93424 method=java.util.HashMap.hash(Ljava/lang/Object;)I @ 1 c2
Event: 1.138 Thread 0x000002884e527000 Uncommon trap: reason=bimorphic_or_optimized_type_check action=maybe_recompile pc=0x000002883df916c8 method=java.util.HashMap.putVal(ILjava/lang/Object;Ljava/lang/Object;ZZ)Ljava/lang/Object; @ 203 c2
Event: 1.138 Thread 0x000002884e527000 Uncommon trap: reason=bimorphic_or_optimized_type_check action=maybe_recompile pc=0x000002883df91694 method=java.util.HashMap.putVal(ILjava/lang/Object;Ljava/lang/Object;ZZ)Ljava/lang/Object; @ 91 c2
Event: 1.138 Thread 0x000002884e527000 Uncommon trap: reason=bimorphic_or_optimized_type_check action=maybe_recompile pc=0x000002883df916c8 method=java.util.HashMap.putVal(ILjava/lang/Object;Ljava/lang/Object;ZZ)Ljava/lang/Object; @ 203 c2
Event: 1.175 Thread 0x000002882e090000 Uncommon trap: reason=unstable_if action=reinterpret pc=0x000002883df8081c method=java.lang.StringUTF16.compress([CI[BII)I @ 20 c2
Event: 1.175 Thread 0x000002882e090000 Uncommon trap: reason=unstable_if action=reinterpret pc=0x000002883df6d108 method=java.lang.String.isLatin1()Z @ 10 c2
Event: 1.354 Thread 0x0000028855213000 Uncommon trap: reason=unstable_if action=reinterpret pc=0x000002883dfad958 method=com.mycompany.engine.Ray.rayCast(Ljava/util/ArrayList;)Lcom/mycompany/engine/RayHit; @ 114 c2
Event: 1.389 Thread 0x0000028855213000 Uncommon trap: reason=unstable_if action=reinterpret pc=0x000002883dfb7778 method=com.mycompany.engine.Ray.rayCast(Ljava/util/ArrayList;)Lcom/mycompany/engine/RayHit; @ 79 c2
Event: 1.390 Thread 0x0000028855213000 Uncommon trap: reason=unstable_if action=reinterpret pc=0x000002883dfa8f8c method=com.mycompany.engine.Ray.rayCast(Ljava/util/ArrayList;)Lcom/mycompany/engine/RayHit; @ 114 c2

Classes redefined (0 events):
No events

Internal exceptions (10 events):
Event: 0.945 Thread 0x000002884e527000 Exception <a 'java/lang/NoSuchMethodError'{0x0000000088afb4e0}: java.lang.invoke.DirectMethodHandle$Holder.invokeSpecial(Ljava/lang/Object;Ljava/lang/Object;)V> (0x0000000088afb4e0) thrown at [t:/workspace/open/src/hotspot/share/interpreter/linkResolver.c
Event: 0.947 Thread 0x000002882e090000 Exception <a 'java/lang/NoSuchMethodError'{0x00000000889074a0}: java.lang.invoke.DirectMethodHandle$Holder.invokeStatic(Ljava/lang/Object;Ljava/lang/Object;Ljava/lang/Object;Ljava/lang/Object;Ljava/lang/Object;Ljava/lang/Object;Ljava/lang/Object;J)Ljava/l
Event: 1.096 Thread 0x000002882e090000 Exception <a 'java/lang/NoSuchMethodError'{0x0000000088825498}: java.lang.invoke.DirectMethodHandle$Holder.invokeStatic(Ljava/lang/Object;ILjava/lang/Object;Ljava/lang/Object;Ljava/lang/Object;Ljava/lang/Object;)Ljava/lang/Object;> (0x0000000088825498) th
Event: 1.096 Thread 0x000002882e090000 Exception <a 'java/lang/NoSuchMethodError'{0x000000008882c0b8}: java.lang.invoke.DirectMethodHandle$Holder.invokeStatic(Ljava/lang/Object;ILjava/lang/Object;Ljava/lang/Object;Ljava/lang/Object;)Ljava/lang/Object;> (0x000000008882c0b8) thrown at [t:/worksp
Event: 1.096 Thread 0x000002882e090000 Exception <a 'java/lang/NoSuchMethodError'{0x000000008882f910}: java.lang.invoke.DirectMethodHandle$Holder.invokeSpecial(Ljava/lang/Object;Ljava/lang/Object;ILjava/lang/Object;Ljava/lang/Object;Ljava/lang/Object;)Ljava/lang/Object;> (0x000000008882f910) t
Event: 1.124 Thread 0x000002882e090000 Exception <a 'java/lang/ClassNotFoundException'{0x00000000888f14a8}: com/sun/swing/internal/plaf/metal/resources/spi/metalProvider> (0x00000000888f14a8) thrown at [t:/workspace/open/src/hotspot/share/classfile/systemDictionary.cpp, line 235]
Event: 1.125 Thread 0x000002882e090000 Exception <a 'java/lang/ClassNotFoundException'{0x00000000888f5a30}: com/sun/swing/internal/plaf/basic/resources/spi/basicProvider> (0x00000000888f5a30) thrown at [t:/workspace/open/src/hotspot/share/classfile/systemDictionary.cpp, line 235]
Event: 1.131 Thread 0x000002882e090000 Implicit null exception at 0x000002883df93388 to 0x000002883df9341a
Event: 1.160 Thread 0x000002882e090000 Exception <a 'java/lang/NoSuchMethodError'{0x0000000088738bc0}: java.lang.invoke.DirectMethodHandle$Holder.invokeStaticInit(Ljava/lang/Object;)V> (0x0000000088738bc0) thrown at [t:/workspace/open/src/hotspot/share/interpreter/linkResolver.cpp, line 777]
Event: 1.186 Thread 0x000002882e090000 Exception <a 'java/lang/NoSuchMethodError'{0x0000000088626108}: java.lang.invoke.Invokers$Holder.linkToTargetMethod(Ljava/lang/Object;ILjava/lang/Object;)Ljava/lang/Object;> (0x0000000088626108) thrown at [t:/workspace/open/src/hotspot/share/interpreter/l

Events (10 events):
Event: 1.722 loading class sun/awt/image/ToolkitImage
Event: 1.722 loading class sun/awt/image/ToolkitImage done
Event: 1.725 loading class sun/java2d/d3d/D3DSurfaceDataProxy
Event: 1.725 loading class sun/java2d/d3d/D3DSurfaceDataProxy done
Event: 1.725 Executing VM operation: RevokeBias
Event: 1.725 Executing VM operation: RevokeBias done
Event: 1.729 loading class org/netbeans/lib/profiler/wireprotocol/DumpResultsResponse
Event: 1.729 loading class org/netbeans/lib/profiler/wireprotocol/DumpResultsResponse done
Event: 1.735 loading class org/netbeans/lib/profiler/wireprotocol/GetMethodNamesForJMethodIdsCommand
Event: 1.735 loading class org/netbeans/lib/profiler/wireprotocol/GetMethodNamesForJMethodIdsCommand done


Dynamic libraries:
0x00007ff7d4b50000 - 0x00007ff7d4b5f000 	C:\Program Files\Java\jdk-12\bin\java.exe
0x00007ff9dcb30000 - 0x00007ff9dcd1d000 	C:\Windows\SYSTEM32\ntdll.dll
0x00007ff9dc910000 - 0x00007ff9dc9c3000 	C:\Windows\System32\KERNEL32.DLL
0x00007ff9d90d0000 - 0x00007ff9d9363000 	C:\Windows\System32\KERNELBASE.dll
0x00007ff9d9370000 - 0x00007ff9d946a000 	C:\Windows\System32\ucrtbase.dll
0x00007ff9c3cf0000 - 0x00007ff9c3d08000 	C:\Program Files\Java\jdk-12\bin\jli.dll
0x00007ff9dc6b0000 - 0x00007ff9dc753000 	C:\Windows\System32\ADVAPI32.dll
0x00007ff9d37c0000 - 0x00007ff9d37d6000 	C:\Program Files\Java\jdk-12\bin\VCRUNTIME140.dll
0x00007ff9dc210000 - 0x00007ff9dc2ae000 	C:\Windows\System32\msvcrt.dll
0x00007ff9dc830000 - 0x00007ff9dc8ce000 	C:\Windows\System32\sechost.dll
0x00007ff9dbbc0000 - 0x00007ff9dbce2000 	C:\Windows\System32\RPCRT4.dll
0x00007ff9dc510000 - 0x00007ff9dc6a7000 	C:\Windows\System32\USER32.dll
0x00007ff9c3f10000 - 0x00007ff9c4189000 	C:\Windows\WinSxS\amd64_microsoft.windows.common-controls_6595b64144ccf1df_6.0.17763.437_none_05b63dca071e5dd6\COMCTL32.dll
0x00007ff9d9d40000 - 0x00007ff9d9d60000 	C:\Windows\System32\win32u.dll
0x00007ff9dc1e0000 - 0x00007ff9dc209000 	C:\Windows\System32\GDI32.dll
0x00007ff9db560000 - 0x00007ff9db88c000 	C:\Windows\System32\combase.dll
0x00007ff9d8f30000 - 0x00007ff9d90ca000 	C:\Windows\System32\gdi32full.dll
0x00007ff9d8cd0000 - 0x00007ff9d8d4e000 	C:\Windows\System32\bcryptPrimitives.dll
0x00007ff9d8c30000 - 0x00007ff9d8cd0000 	C:\Windows\System32\msvcp_win.dll
0x00007ff9d4150000 - 0x00007ff9d415a000 	C:\Windows\SYSTEM32\VERSION.dll
0x00007ff9dbb30000 - 0x00007ff9dbb5e000 	C:\Windows\System32\IMM32.DLL
0x00007ff9cc3b0000 - 0x00007ff9cc45a000 	C:\Program Files\Java\jdk-12\bin\msvcp140.dll
0x00007ff997580000 - 0x00007ff9980f4000 	C:\Program Files\Java\jdk-12\bin\server\jvm.dll
0x00007ff9db2b0000 - 0x00007ff9db2b8000 	C:\Windows\System32\PSAPI.DLL
0x00007ff9cb4b0000 - 0x00007ff9cb4d4000 	C:\Windows\SYSTEM32\WINMM.dll
0x00007ff9d54a0000 - 0x00007ff9d54a9000 	C:\Windows\SYSTEM32\WSOCK32.dll
0x00007ff9dc170000 - 0x00007ff9dc1dd000 	C:\Windows\System32\WS2_32.dll
0x00007ff9cb3e0000 - 0x00007ff9cb40d000 	C:\Windows\SYSTEM32\WINMMBASE.dll
0x00007ff9d9580000 - 0x00007ff9d95ca000 	C:\Windows\System32\cfgmgr32.dll
0x00007ff9d8b90000 - 0x00007ff9d8ba1000 	C:\Windows\System32\kernel.appcore.dll
0x00007ff9d2970000 - 0x00007ff9d2981000 	C:\Program Files\Java\jdk-12\bin\verify.dll
0x00007ff9d3de0000 - 0x00007ff9d3fcd000 	C:\Windows\SYSTEM32\DBGHELP.DLL
0x00007ff9d4090000 - 0x00007ff9d40ba000 	C:\Windows\SYSTEM32\dbgcore.DLL
0x00007ff9d2930000 - 0x00007ff9d2956000 	C:\Program Files\Java\jdk-12\bin\java.dll
0x00007ff9c95e0000 - 0x00007ff9c95ef000 	C:\Users\Petar\Documents\incubating-netbeans-11.0-bin\netbeans\profiler\lib\deployed\jdk16\windows-amd64\profilerinterface.dll
0x00007ff9cc4a0000 - 0x00007ff9cc4b7000 	C:\Program Files\Java\jdk-12\bin\zip.dll
0x00007ff9d4bd0000 - 0x00007ff9d4bda000 	C:\Program Files\Java\jdk-12\bin\jimage.dll
0x00007ff9d9dc0000 - 0x00007ff9db2b0000 	C:\Windows\System32\SHELL32.dll
0x00007ff9dca50000 - 0x00007ff9dcaf8000 	C:\Windows\System32\shcore.dll
0x00007ff9d95d0000 - 0x00007ff9d9d1a000 	C:\Windows\System32\windows.storage.dll
0x00007ff9d8bb0000 - 0x00007ff9d8bd4000 	C:\Windows\System32\profapi.dll
0x00007ff9d8b30000 - 0x00007ff9d8b8d000 	C:\Windows\System32\powrprof.dll
0x00007ff9d9d60000 - 0x00007ff9d9db2000 	C:\Windows\System32\shlwapi.dll
0x00007ff9d9d20000 - 0x00007ff9d9d37000 	C:\Windows\System32\cryptsp.dll
0x00007ff9cc480000 - 0x00007ff9cc499000 	C:\Program Files\Java\jdk-12\bin\net.dll
0x00007ff9cf580000 - 0x00007ff9cf756000 	C:\Windows\SYSTEM32\urlmon.dll
0x00007ff9d1e40000 - 0x00007ff9d1f31000 	C:\Windows\SYSTEM32\WINHTTP.dll
0x00007ff9cefd0000 - 0x00007ff9cf278000 	C:\Windows\SYSTEM32\iertutil.dll
0x00007ff9d8580000 - 0x00007ff9d858c000 	C:\Windows\SYSTEM32\CRYPTBASE.DLL
0x00007ff9d83b0000 - 0x00007ff9d8417000 	C:\Windows\system32\mswsock.dll
0x00007ff9cc460000 - 0x00007ff9cc473000 	C:\Program Files\Java\jdk-12\bin\nio.dll
0x00007ff9d4bb0000 - 0x00007ff9d4bb9000 	C:\Program Files\Java\jdk-12\bin\management.dll
0x00007ff9d3870000 - 0x00007ff9d387c000 	C:\Program Files\Java\jdk-12\bin\management_ext.dll
0x00007ff9d7f10000 - 0x00007ff9d7f43000 	C:\Windows\system32\rsaenh.dll
0x00007ff9d8c00000 - 0x00007ff9d8c26000 	C:\Windows\System32\bcrypt.dll
0x00007ff9d8a60000 - 0x00007ff9d8a88000 	C:\Windows\SYSTEM32\USERENV.dll
0x00007ff9d8110000 - 0x00007ff9d814d000 	C:\Windows\SYSTEM32\IPHLPAPI.DLL
0x00007ff9dc8d0000 - 0x00007ff9dc8d8000 	C:\Windows\System32\NSI.dll
0x00007ff9d4130000 - 0x00007ff9d4146000 	C:\Windows\SYSTEM32\dhcpcsvc6.DLL
0x00007ff9d4480000 - 0x00007ff9d449c000 	C:\Windows\SYSTEM32\dhcpcsvc.DLL
0x00007ff9d8150000 - 0x00007ff9d8216000 	C:\Windows\SYSTEM32\DNSAPI.dll
0x00007ff9cc160000 - 0x00007ff9cc2ff000 	C:\Program Files\Java\jdk-12\bin\awt.dll
0x00007ff9dc760000 - 0x00007ff9dc824000 	C:\Windows\System32\OLEAUT32.dll
0x00007ff9d6110000 - 0x00007ff9d66ce000 	C:\Windows\SYSTEM32\d2d1.dll
0x00007ff9d6ee0000 - 0x00007ff9d6f6c000 	C:\Windows\SYSTEM32\apphelp.dll
0x00007ff9d7580000 - 0x00007ff9d75ae000 	C:\Windows\system32\DWMAPI.DLL
0x00007ff9d8d50000 - 0x00007ff9d8f2b000 	C:\Windows\System32\CRYPT32.dll
0x00007ff9d8be0000 - 0x00007ff9d8bf2000 	C:\Windows\System32\MSASN1.dll
0x00007ff9d7150000 - 0x00007ff9d71ec000 	C:\Windows\system32\uxtheme.dll
0x00007ff9cc030000 - 0x00007ff9cc157000 	C:\Windows\system32\opengl32.dll
0x00007ff9cc380000 - 0x00007ff9cc3ac000 	C:\Windows\SYSTEM32\GLU32.dll
0x00007ff9db9c0000 - 0x00007ff9dbb2a000 	C:\Windows\System32\MSCTF.dll
0x00007ff9db3a0000 - 0x00007ff9db4f5000 	C:\Windows\System32\ole32.dll
0x00007ff9b4da0000 - 0x00007ff9b4f3e000 	C:\Windows\system32\d3d9.dll
0x00007ff9c74f0000 - 0x00007ff9c75da000 	C:\Windows\System32\DriverStore\FileRepository\nv_ref_pubwu.inf_amd64_2e7fa54192fe16d0\nvldumdx.dll
0x00007ff9d9470000 - 0x00007ff9d94c9000 	C:\Windows\System32\WINTRUST.DLL
0x00007ff9dc8e0000 - 0x00007ff9dc8fd000 	C:\Windows\System32\imagehlp.dll
0x00007ff99dd60000 - 0x00007ff99ef36000 	C:\Windows\System32\DriverStore\FileRepository\nv_ref_pubwu.inf_amd64_2e7fa54192fe16d0\nvd3dumx.dll
0x00007ff9c2d40000 - 0x00007ff9c2fe7000 	C:\Windows\system32\nvspcap64.dll
0x00007ff9d7bf0000 - 0x00007ff9d7c21000 	C:\Windows\SYSTEM32\ntmarta.dll
0x00007ff9c5040000 - 0x00007ff9c512b000 	C:\Program Files (x86)\NVIDIA Corporation\3D Vision\nvSCPAPI64.dll
0x00007ff9dbcf0000 - 0x00007ff9dc166000 	C:\Windows\System32\SETUPAPI.dll
0x00007ff9cb0d0000 - 0x00007ff9cb150000 	C:\Program Files\Java\jdk-12\bin\freetype.dll
0x00007ff9cbfc0000 - 0x00007ff9cc02f000 	C:\Program Files\Java\jdk-12\bin\fontmanager.dll
0x00007ff9c6f10000 - 0x00007ff9c6fa5000 	C:\Windows\System32\TextInputFramework.dll
0x00007ff9c9240000 - 0x00007ff9c9562000 	C:\Windows\System32\CoreUIComponents.dll
0x00007ff9d6c40000 - 0x00007ff9d6d22000 	C:\Windows\System32\CoreMessaging.dll
0x00007ff9d5610000 - 0x00007ff9d5763000 	C:\Windows\SYSTEM32\wintypes.dll
0x00007ff9dc460000 - 0x00007ff9dc502000 	C:\Windows\System32\clbcatq.dll
0x00007ff9c8e60000 - 0x00007ff9c9018000 	C:\Windows\SYSTEM32\WindowsCodecs.dll
0x00007ff9c6cf0000 - 0x00007ff9c6d46000 	C:\Windows\system32\dataexchange.dll
0x00007ff9d5e80000 - 0x00007ff9d60fe000 	C:\Windows\system32\d3d11.dll
0x00007ff9d66d0000 - 0x00007ff9d6893000 	C:\Windows\system32\dcomp.dll
0x00007ff9d7980000 - 0x00007ff9d7a42000 	C:\Windows\system32\dxgi.dll
0x00007ff9d7240000 - 0x00007ff9d744d000 	C:\Windows\system32\twinapi.appcore.dll
0x00007ff9d7450000 - 0x00007ff9d7478000 	C:\Windows\system32\RMCLIENT.dll

dbghelp: loaded successfully - version: 4.0.5 - missing functions: none
symbol engine: initialized successfully - sym options: 0x614 - pdb path: .;C:\Program Files\Java\jdk-12\bin;C:\Windows\SYSTEM32;C:\Windows\WinSxS\amd64_microsoft.windows.common-controls_6595b64144ccf1df_6.0.17763.437_none_05b63dca071e5dd6;C:\Program Files\Java\jdk-12\bin\server;C:\Users\Petar\Documents\incubating-netbeans-11.0-bin\netbeans\profiler\lib\deployed\jdk16\windows-amd64;C:\Windows\System32\DriverStore\FileRepository\nv_ref_pubwu.inf_amd64_2e7fa54192fe16d0;C:\Program Files (x86)\NVIDIA Corporation\3D Vision

VM Arguments:
jvm_args: -agentpath:C:/Users/Petar/Documents/incubating-netbeans-11.0-bin/netbeans/profiler/lib/deployed/jdk16/windows-amd64/profilerinterface.dll=C:\Users\Petar\Documents\incubating-netbeans-11.0-bin\netbeans\profiler\lib,5140,10 -XX:+HeapDumpOnOutOfMemoryError -XX:HeapDumpPath=C:\Users\Petar\AppData\Local\NetBeans\Cache\11.0\mavencachedirs\1653878468\org-netbeans-modules-profiler 
java_command: com.mycompany.engine.PixelCanvas
java_class_path (initial): C:\Users\Petar\Documents\NetBeansProjects\Engine\target\classes;C:\Users\Petar\.m2\repository\com\aparapi\aparapi\1.8.0\aparapi-1.8.0.jar;C:\Users\Petar\.m2\repository\com\aparapi\aparapi-jni\1.3.1\aparapi-jni-1.3.1.jar
Launcher Type: SUN_STANDARD

[Global flags]
     intx CICompilerCount                          = 4                                         {product} {ergonomic}
     uint ConcGCThreads                            = 2                                         {product} {ergonomic}
     uint G1ConcRefinementThreads                  = 8                                         {product} {ergonomic}
   size_t G1HeapRegionSize                         = 1048576                                   {product} {ergonomic}
    uintx GCDrainStackTargetSize                   = 64                                        {product} {ergonomic}
     bool HeapDumpOnOutOfMemoryError               = true                                   {manageable} {command line}
    ccstr HeapDumpPath                             = C:\Users\Petar\AppData\Local\NetBeans\Cache\11.0\mavencachedirs\1653878468\org-netbeans-modules-profiler         {manageable} {command line}
   size_t InitialHeapSize                          = 134217728                                 {product} {ergonomic}
   size_t MarkStackSize                            = 4194304                                   {product} {ergonomic}
   size_t MaxHeapSize                              = 2128609280                                {product} {ergonomic}
   size_t MaxNewSize                               = 1277165568                                {product} {ergonomic}
   size_t MinHeapDeltaBytes                        = 1048576                                   {product} {ergonomic}
    uintx NonNMethodCodeHeapSize                   = 5836300                                {pd product} {ergonomic}
    uintx NonProfiledCodeHeapSize                  = 122910970                              {pd product} {ergonomic}
    uintx ProfiledCodeHeapSize                     = 122910970                              {pd product} {ergonomic}
    uintx ReservedCodeCacheSize                    = 251658240                              {pd product} {ergonomic}
     bool SegmentedCodeCache                       = true                                      {product} {ergonomic}
     bool UseCompressedClassPointers               = true                                 {lp64_product} {ergonomic}
     bool UseCompressedOops                        = true                                 {lp64_product} {ergonomic}
     bool UseG1GC                                  = true                                      {product} {ergonomic}
     bool UseLargePagesIndividualAllocation        = false                                  {pd product} {ergonomic}

Logging:
Log output configuration:
 #0: stdout all=warning uptime,level,tags
 #1: stderr all=off uptime,level,tags

Environment Variables:
JAVA_HOME=C:\Program Files\Java\jdk-12
PATH=C:\Windows\system32;C:\Windows;C:\Windows\System32\Wbem;C:\Windows\System32\WindowsPowerShell\v1.0\;C:\Windows\System32\OpenSSH\;C:\Program Files\NVIDIA Corporation\NVIDIA NvDLISR;C:\Users\Petar\AppData\Local\Microsoft\WindowsApps;
USERNAME=Petar
OS=Windows_NT
PROCESSOR_IDENTIFIER=AMD64 Family 23 Model 1 Stepping 1, AuthenticAMD



---------------  S Y S T E M  ---------------

OS: Windows 10 , 64 bit Build 17763 (10.0.17763.437)

CPU:total 8 (initial active 8) (8 cores per cpu, 2 threads per core) family 23 model 1 stepping 1, cmov, cx8, fxsr, mmx, sse, sse2, sse3, ssse3, sse4.1, sse4.2, popcnt, avx, avx2, aes, clmul, mmxext, 3dnowpref, lzcnt, sse4a, ht, tsc, tscinvbit, tscinv, bmi1, bmi2, adx, sha, fma

Memory: 4k page, system-wide physical 8119M (3999M free)
TotalPageFile size 12215M (AvailPageFile size 5197M)
current process WorkingSet (physical memory assigned to process): 186M, peak: 186M
current process commit charge ("private bytes"): 280M, peak: 283M

vm_info: Java HotSpot(TM) 64-Bit Server VM (12+33) for windows-amd64 JRE (12+33), built on Feb 21 2019 02:31:50 by "mach5one" with MS VC++ 15.5 (VS2017)

END.
